2018-02-16 10:56:25,469 [Worker-6] INFO  o.e.m.c.i.l.LifecycleMappingFactory - Using org.maven.ide.eclipse.wtp.WarLifecycleMapping lifecycle mapping for MavenProject: edu.csula.cs:techit:0.0.1-SNAPSHOT @ E:\Dhruval\CSULA\_Spring18\classes\CS5220\techit-master\pom.xml.
2018-02-16 10:56:26,319 [Worker-5] INFO  o.e.m.c.i.l.LifecycleMappingFactory - Using org.maven.ide.eclipse.wtp.WarLifecycleMapping lifecycle mapping for MavenProject: edu.csula.cs:techit:0.0.1-SNAPSHOT @ E:\Dhruval\CSULA\_Spring18\classes\CS5220\techit-master\pom.xml.
2018-02-16 10:56:42,638 [Worker-5] WARN  o.e.m.c.i.embedder.EclipseLogger - File encoding has not been set, using platform encoding Cp1252, i.e. build is platform dependent!
2018-02-16 10:56:42,678 [Worker-5] INFO  o.e.m.w.i.f.ResourceFilteringBuildParticipant - Executing resource filtering for techit
2018-02-16 10:56:42,689 [Worker-5] WARN  o.e.m.c.i.embedder.EclipseLogger - The POM for org.apache.maven.plugins:maven-clean-plugin:jar:2.5 is missing, no dependency information available
2018-02-16 10:56:42,708 [Worker-5] WARN  o.e.m.c.i.embedder.EclipseLogger - File encoding has not been set, using platform encoding Cp1252, i.e. build is platform dependent!
2018-02-16 10:56:48,624 [Worker-11] INFO  o.e.m.c.i.l.LifecycleMappingFactory - Using org.maven.ide.eclipse.wtp.WarLifecycleMapping lifecycle mapping for MavenProject: edu.csula.cs:techit:0.0.1-SNAPSHOT @ E:\Dhruval\CSULA\_Spring18\classes\CS5220\techit-master\pom.xml.
2018-02-16 10:56:48,646 [Worker-6] WARN  o.e.m.c.i.embedder.EclipseLogger - File encoding has not been set, using platform encoding Cp1252, i.e. build is platform dependent!
2018-02-16 10:57:23,771 [Worker-13] ERROR o.e.m.e.x.i.MarkerLocationService - Error checking for warnings
java.lang.NullPointerException: null
	at org.eclipse.m2e.editor.xml.internal.MarkerLocationService.checkVarious(MarkerLocationService.java:587) [org.eclipse.m2e.editor.xml_1.7.0.20160603-1933.jar:na]
	at org.eclipse.m2e.editor.xml.internal.MarkerLocationService.addEditorHintMarkers(MarkerLocationService.java:241) [org.eclipse.m2e.editor.xml_1.7.0.20160603-1933.jar:na]
	at org.eclipse.m2e.core.internal.markers.MarkerUtils.addEditorHintMarkers(MarkerUtils.java:66) [org.eclipse.m2e.core_1.7.0.20160603-1933.jar:na]
	at org.eclipse.m2e.core.internal.project.registry.ProjectRegistryManager$4.call(ProjectRegistryManager.java:708) [org.eclipse.m2e.core_1.7.0.20160603-1933.jar:na]
	at org.eclipse.m2e.core.internal.project.registry.ProjectRegistryManager$4.call(ProjectRegistryManager.java:1) [org.eclipse.m2e.core_1.7.0.20160603-1933.jar:na]
	at org.eclipse.m2e.core.internal.embedder.MavenExecutionContext.executeBare(MavenExecutionContext.java:176) [org.eclipse.m2e.core_1.7.0.20160603-1933.jar:na]
	at org.eclipse.m2e.core.internal.embedder.MavenExecutionContext.execute(MavenExecutionContext.java:151) [org.eclipse.m2e.core_1.7.0.20160603-1933.jar:na]
	at org.eclipse.m2e.core.internal.embedder.MavenExecutionContext.execute(MavenExecutionContext.java:99) [org.eclipse.m2e.core_1.7.0.20160603-1933.jar:na]
	at org.eclipse.m2e.core.internal.project.registry.ProjectRegistryManager.execute(ProjectRegistryManager.java:967) [org.eclipse.m2e.core_1.7.0.20160603-1933.jar:na]
	at org.eclipse.m2e.core.internal.project.registry.ProjectRegistryManager.readMavenProjectFacade(ProjectRegistryManager.java:699) [org.eclipse.m2e.core_1.7.0.20160603-1933.jar:na]
	at org.eclipse.m2e.core.internal.project.registry.ProjectRegistryManager.refresh(ProjectRegistryManager.java:398) [org.eclipse.m2e.core_1.7.0.20160603-1933.jar:na]
	at org.eclipse.m2e.core.internal.project.registry.ProjectRegistryManager.refresh(ProjectRegistryManager.java:351) [org.eclipse.m2e.core_1.7.0.20160603-1933.jar:na]
	at org.eclipse.m2e.core.internal.project.registry.ProjectRegistryRefreshJob$1$1.call(ProjectRegistryRefreshJob.java:89) [org.eclipse.m2e.core_1.7.0.20160603-1933.jar:na]
	at org.eclipse.m2e.core.internal.project.registry.ProjectRegistryRefreshJob$1$1.call(ProjectRegistryRefreshJob.java:1) [org.eclipse.m2e.core_1.7.0.20160603-1933.jar:na]
	at org.eclipse.m2e.core.internal.embedder.MavenExecutionContext.executeBare(MavenExecutionContext.java:176) [org.eclipse.m2e.core_1.7.0.20160603-1933.jar:na]
	at org.eclipse.m2e.core.internal.embedder.MavenExecutionContext.execute(MavenExecutionContext.java:151) [org.eclipse.m2e.core_1.7.0.20160603-1933.jar:na]
	at org.eclipse.m2e.core.internal.embedder.MavenExecutionContext.execute(MavenExecutionContext.java:99) [org.eclipse.m2e.core_1.7.0.20160603-1933.jar:na]
	at org.eclipse.m2e.core.internal.embedder.MavenImpl.execute(MavenImpl.java:1351) [org.eclipse.m2e.core_1.7.0.20160603-1933.jar:na]
	at org.eclipse.m2e.core.internal.project.registry.ProjectRegistryRefreshJob$1.call(ProjectRegistryRefreshJob.java:87) [org.eclipse.m2e.core_1.7.0.20160603-1933.jar:na]
	at org.eclipse.m2e.core.internal.project.registry.ProjectRegistryRefreshJob$1.call(ProjectRegistryRefreshJob.java:1) [org.eclipse.m2e.core_1.7.0.20160603-1933.jar:na]
	at org.eclipse.m2e.core.internal.embedder.MavenExecutionContext.executeBare(MavenExecutionContext.java:176) [org.eclipse.m2e.core_1.7.0.20160603-1933.jar:na]
	at org.eclipse.m2e.core.internal.embedder.MavenExecutionContext.execute(MavenExecutionContext.java:151) [org.eclipse.m2e.core_1.7.0.20160603-1933.jar:na]
	at org.eclipse.m2e.core.internal.embedder.MavenExecutionContext.execute(MavenExecutionContext.java:99) [org.eclipse.m2e.core_1.7.0.20160603-1933.jar:na]
	at org.eclipse.m2e.core.internal.embedder.MavenImpl.execute(MavenImpl.java:1355) [org.eclipse.m2e.core_1.7.0.20160603-1933.jar:na]
	at org.eclipse.m2e.core.internal.project.registry.ProjectRegistryRefreshJob.run(ProjectRegistryRefreshJob.java:81) [org.eclipse.m2e.core_1.7.0.20160603-1933.jar:na]
	at org.eclipse.core.internal.jobs.Worker.run(Worker.java:55) [org.eclipse.core.jobs_3.8.0.v20160509-0411.jar:na]
